<?xml version="1.0" encoding="UTF-8"?>
<!-- Generated by org.testng.reporters.JUnitReportReporter -->
<testsuite hostname="donghui-VirtualBox" failures="0" tests="1" name="api_testing_example.SumValidation" time="1.474" errors="0" timestamp="2021-03-28T14:55:03 PDT" skipped="0">
  <testcase classname="api_testing_example.SumValidation" name="sumOfCourses" time="1.474"/>
  <system-out/>
</testsuite> <!-- api_testing_example.SumValidation -->
